<?xml version="1.0" encoding="UTF-8"?>
<testsuite xmlns:xsi="http://www.w3.org/2001/XMLSchema-instance" xsi:noNamespaceSchemaLocation="https://maven.apache.org/surefire/maven-surefire-plugin/xsd/surefire-test-report.xsd" version="3.0.1" name="es.upm.grise.profunduzacion.cruiseController.CruiseControlTest" time="1.006" tests="2" errors="0" skipped="0" failures="0">
  <properties>
[...]
</properties>
  <testcase name="testIncorrectSpeedSetException" classname="es.upm.grise.profunduzacion.cruiseController.CruiseControlTest" time="0.047"/>
  <testcase name="testSpeedSetAboveSpeedLimitException" classname="es.upm.grise.profunduzacion.cruiseController.CruiseControlTest" time="0.016"/>
</testsuite>